<?xml version="1.0" encoding="UTF-8"?>
<!-- Generated by org.testng.reporters.JUnitReportReporter -->
<testsuite skipped="0" hostname="DESKTOP-BS5OTC9" name="com.wordpress.testcases.VerifyWordPressLogin" tests="1" failures="0" timestamp="20 Mar 2018 05:52:11 GMT" time="19.121" errors="0">
  <testcase name="verifyValidLogin" time="19.121" classname="com.wordpress.testcases.VerifyWordPressLogin"/>
</testsuite> <!-- com.wordpress.testcases.VerifyWordPressLogin -->
