<?xml version="1.0" encoding="UTF-8"?>
<!-- Generated by org.testng.reporters.JUnitReportReporter -->
<testsuite skipped="0" hostname="DESKTOP-BS5OTC9" name="com.wordpress.testcases.VerifyValidLogin" tests="1" failures="0" timestamp="20 Mar 2018 07:03:40 GMT" time="9.915" errors="0">
  <testcase name="checkvaliduser" time="9.915" classname="com.wordpress.testcases.VerifyValidLogin"/>
</testsuite> <!-- com.wordpress.testcases.VerifyValidLogin -->
